1505137169.398226 client started (41096): socket /private/tmp/tmux-501/default, protocol 8
1505137169.398263 on Darwin 16.6.0 Darwin Kernel Version 16.6.0: Fri Apr 14 16:21:16 PDT 2017; root:xnu-3789.60.24~6/RELEASE_X86_64; libevent 2.0.22-stable (select)
1505137169.398311 socket is /private/tmp/tmux-501/default
1505137169.398325 trying connect
1505137169.398354 connect failed: Connection refused
1505137169.398620 lock file is /private/tmp/tmux-501/default.lock
1505137169.398777 flock succeeded
1505137169.398783 got lock (6)
1505137169.398792 trying connect
1505137169.398802 connect failed: Connection refused
1505137169.399501 add peer 0x7fe99b801800: 7 (0x0)
1505137169.400981 sending message 100 to peer 0x7fe99b801800 (4 bytes)
1505137169.401056 sending message 101 to peer 0x7fe99b801800 (15 bytes)
1505137169.401067 sending message 102 to peer 0x7fe99b801800 (13 bytes)
1505137169.401073 sending message 108 to peer 0x7fe99b801800 (22 bytes)
1505137169.401094 sending message 104 to peer 0x7fe99b801800 (0 bytes)
1505137169.401102 sending message 107 to peer 0x7fe99b801800 (4 bytes)
1505137169.401109 sending message 105 to peer 0x7fe99b801800 (28 bytes)
1505137169.401114 sending message 105 to peer 0x7fe99b801800 (25 bytes)
1505137169.401120 sending message 105 to peer 0x7fe99b801800 (20 bytes)
1505137169.401126 sending message 105 to peer 0x7fe99b801800 (57 bytes)
1505137169.401131 sending message 105 to peer 0x7fe99b801800 (76 bytes)
1505137169.401137 sending message 105 to peer 0x7fe99b801800 (27 bytes)
1505137169.401143 sending message 105 to peer 0x7fe99b801800 (53 bytes)
1505137169.401149 sending message 105 to peer 0x7fe99b801800 (11 bytes)
1505137169.401156 sending message 105 to peer 0x7fe99b801800 (66 bytes)
1505137169.401162 sending message 105 to peer 0x7fe99b801800 (38 bytes)
1505137169.401168 sending message 105 to peer 0x7fe99b801800 (159 bytes)
1505137169.401174 sending message 105 to peer 0x7fe99b801800 (26 bytes)
1505137169.401179 sending message 105 to peer 0x7fe99b801800 (17 bytes)
1505137169.401185 sending message 105 to peer 0x7fe99b801800 (14 bytes)
1505137169.401191 sending message 105 to peer 0x7fe99b801800 (19 bytes)
1505137169.401196 sending message 105 to peer 0x7fe99b801800 (8 bytes)
1505137169.401202 sending message 105 to peer 0x7fe99b801800 (18 bytes)
1505137169.401205 sending message 105 to peer 0x7fe99b801800 (14 bytes)
1505137169.401209 sending message 105 to peer 0x7fe99b801800 (75 bytes)
1505137169.401213 sending message 105 to peer 0x7fe99b801800 (24 bytes)
1505137169.401218 sending message 105 to peer 0x7fe99b801800 (20 bytes)
1505137169.401223 sending message 105 to peer 0x7fe99b801800 (28 bytes)
1505137169.401336 sending message 105 to peer 0x7fe99b801800 (11 bytes)
1505137169.401350 sending message 105 to peer 0x7fe99b801800 (8 bytes)
1505137169.401355 sending message 105 to peer 0x7fe99b801800 (21 bytes)
1505137169.401358 sending message 105 to peer 0x7fe99b801800 (32 bytes)
1505137169.401361 sending message 105 to peer 0x7fe99b801800 (94 bytes)
1505137169.401365 sending message 105 to peer 0x7fe99b801800 (16 bytes)
1505137169.401368 sending message 105 to peer 0x7fe99b801800 (22 bytes)
1505137169.401371 sending message 105 to peer 0x7fe99b801800 (17 bytes)
1505137169.401375 sending message 105 to peer 0x7fe99b801800 (15 bytes)
1505137169.401378 sending message 106 to peer 0x7fe99b801800 (0 bytes)
1505137169.401385 sending message 200 to peer 0x7fe99b801800 (4 bytes)
1505137169.401389 client loop enter
1505137169.607632 peer 0x7fe99b801800 message 207
1505137169.607646 sending message 208 to peer 0x7fe99b801800 (0 bytes)
1505137172.791754 peer 0x7fe99b801800 message 203
1505137172.791773 sending message 205 to peer 0x7fe99b801800 (0 bytes)
1505137172.793686 peer 0x7fe99b801800 message 204
1505137172.793738 client loop exit
